<?xml version="1.0" encoding="UTF-8"?>
<testsuite xmlns:xsi="http://www.w3.org/2001/XMLSchema-instance" xsi:noNamespaceSchemaLocation="https://maven.apache.org/surefire/maven-surefire-plugin/xsd/surefire-test-report-3.0.xsd" version="3.0" name="com.nnk.springboot.ControllerTest.BidListControllerTest" time="0.908" tests="9" errors="0" skipped="0" failures="0">
  <properties>
[...]
</properties>
  <testcase name="testAddBidForm_shouldReturnAddView" classname="com.nnk.springboot.ControllerTest.BidListControllerTest" time="0.429">
    <system-out><![CDATA[2025-05-23T21:35:41.960+02:00  INFO 6733 --- [           main] t.c.s.AnnotationConfigContextLoaderUtils : Could not detect default configuration classes for test class [com.nnk.springboot.ControllerTest.BidListControllerTest]: BidListControllerTest does not declare any static, non-private, non-final, nested classes annotated with @Configuration.
2025-05-23T21:35:41.977+02:00  INFO 6733 --- [           main] .b.t.c.SpringBootTestContextBootstrapper : Found @SpringBootConfiguration com.nnk.springboot.Application for test class com.nnk.springboot.ControllerTest.BidListControllerTest

  .   ____          _            __ _ _
 /\\ / ___'_ __ _ _(_)_ __  __ _ \ \ \ \
( ( )\___ | '_ | '_| | '_ \/ _` | \ \ \ \
 \\/  ___)| |_)| | | | | || (_| |  ) ) ) )
  '  |____| .__|_| |_|_| |_\__, | / / / /
 =========|_|==============|___/=/_/_/_/
 :: Spring Boot ::                (v3.1.0)

2025-05-23T21:35:42.002+02:00  INFO 6733 --- [           main] c.n.s.C.BidListControllerTest            : Starting BidListControllerTest using Java 21.0.2 with PID 6733 (started by lunoroli in /Users/lunoroli/Library/Mobile Documents/com~apple~CloudDocs/ROMANE/ÉTUDES/OPENCLASSROOMS/Projet_7/Poseiden-skeleton)
2025-05-23T21:35:42.003+02:00  INFO 6733 --- [           main] c.n.s.C.BidListControllerTest            : No active profile set, falling back to 1 default profile: "default"
2025-05-23T21:35:42.292+02:00  WARN 6733 --- [           main] .s.s.UserDetailsServiceAutoConfiguration : 

Using generated security password: 76a292b3-3018-4a57-86be-8eeb5a2d4277

This generated password is for development use only. Your security configuration must be updated before running your application in production.

2025-05-23T21:35:42.313+02:00  INFO 6733 --- [           main] o.s.s.web.DefaultSecurityFilterChain     : Will secure any request with [org.springframework.security.web.session.DisableEncodeUrlFilter@682d4691, org.springframework.security.web.context.request.async.WebAsyncManagerIntegrationFilter@81c76c9, org.springframework.security.web.context.SecurityContextHolderFilter@3891a4cc, org.springframework.security.web.header.HeaderWriterFilter@6c0d09c3, org.springframework.security.web.csrf.CsrfFilter@51dd9217, org.springframework.security.web.authentication.logout.LogoutFilter@383918c8, org.springframework.security.web.authentication.UsernamePasswordAuthenticationFilter@6f0f98fc, org.springframework.security.web.authentication.ui.DefaultLoginPageGeneratingFilter@31f3d1ce, org.springframework.security.web.authentication.ui.DefaultLogoutPageGeneratingFilter@7243397d, org.springframework.security.web.authentication.www.BasicAuthenticationFilter@57bba4ee, org.springframework.security.web.savedrequest.RequestCacheAwareFilter@561c4e3, org.springframework.security.web.servletapi.SecurityContextHolderAwareRequestFilter@35b485aa, org.springframework.security.web.authentication.AnonymousAuthenticationFilter@78556f0f, org.springframework.security.web.access.ExceptionTranslationFilter@2d83bcd1, org.springframework.security.web.access.intercept.AuthorizationFilter@6b8eec09]
2025-05-23T21:35:42.320+02:00  INFO 6733 --- [           main] o.s.b.t.m.w.SpringBootMockServletContext : Initializing Spring TestDispatcherServlet ''
2025-05-23T21:35:42.320+02:00  INFO 6733 --- [           main] o.s.t.web.servlet.TestDispatcherServlet  : Initializing Servlet ''
2025-05-23T21:35:42.321+02:00  INFO 6733 --- [           main] o.s.t.web.servlet.TestDispatcherServlet  : Completed initialization in 1 ms
2025-05-23T21:35:42.327+02:00  INFO 6733 --- [           main] c.n.s.C.BidListControllerTest            : Started BidListControllerTest in 0.347 seconds (process running for 6.238)
2025-05-23T21:35:42.333+02:00  INFO 6733 --- [           main] c.n.s.controllers.BidListController      : Affichage du formulaire d'ajout d'un BidList
]]></system-out>
  </testcase>
  <testcase name="testUpdateBid_withValidationErrors_shouldReturnUpdateView" classname="com.nnk.springboot.ControllerTest.BidListControllerTest" time="0.06">
    <system-out><![CDATA[2025-05-23T21:35:42.805+02:00  INFO 6733 --- [           main] c.n.s.controllers.BidListController      : Mise à jour du BidList ID 1
2025-05-23T21:35:42.806+02:00  WARN 6733 --- [           main] c.n.s.controllers.BidListController      : Erreurs de validation lors de la mise à jour du BidList ID 1 : [Field error in object 'bidList' on field 'account': rejected value []; codes [NotBlank.bidList.account,NotBlank.account,NotBlank.java.lang.String,NotBlank]; arguments [org.springframework.context.support.DefaultMessageSourceResolvable: codes [bidList.account,account]; arguments []; default message [account]]; default message [must not be blank]]
]]></system-out>
  </testcase>
  <testcase name="testShowUpdateForm_withNonExistingId_shouldRedirectToList" classname="com.nnk.springboot.ControllerTest.BidListControllerTest" time="0.003">
    <system-out><![CDATA[2025-05-23T21:35:42.825+02:00  INFO 6733 --- [           main] c.n.s.controllers.BidListController      : Affichage du formulaire de mise à jour pour le BidList ID 1
2025-05-23T21:35:42.825+02:00  WARN 6733 --- [           main] c.n.s.controllers.BidListController      : Aucun BidList trouvé avec l'ID 1
]]></system-out>
  </testcase>
  <testcase name="testValidate_withValidBid_shouldRedirectToList" classname="com.nnk.springboot.ControllerTest.BidListControllerTest" time="0.006">
    <system-out><![CDATA[2025-05-23T21:35:42.829+02:00  INFO 6733 --- [           main] c.n.s.controllers.BidListController      : Tentative d'ajout d'un nouveau BidList
]]></system-out>
  </testcase>
  <testcase name="testDeleteBid_shouldRedirectToList" classname="com.nnk.springboot.ControllerTest.BidListControllerTest" time="0.003">
    <system-out><![CDATA[2025-05-23T21:35:42.834+02:00  INFO 6733 --- [           main] c.n.s.controllers.BidListController      : Suppression du BidList ID 1
2025-05-23T21:35:42.835+02:00  INFO 6733 --- [           main] c.n.s.controllers.BidListController      : BidList ID 1 supprimé avec succès
]]></system-out>
  </testcase>
  <testcase name="testShowUpdateForm_withExistingId_shouldReturnUpdateView" classname="com.nnk.springboot.ControllerTest.BidListControllerTest" time="0.004">
    <system-out><![CDATA[2025-05-23T21:35:42.837+02:00  INFO 6733 --- [           main] c.n.s.controllers.BidListController      : Affichage du formulaire de mise à jour pour le BidList ID 1
]]></system-out>
  </testcase>
  <testcase name="testHome_shouldReturnBidListViewWithModel" classname="com.nnk.springboot.ControllerTest.BidListControllerTest" time="0.012">
    <system-out><![CDATA[2025-05-23T21:35:42.842+02:00  INFO 6733 --- [           main] c.n.s.controllers.BidListController      : Entrée dans la méthode home - Récupération de la liste des BidList
]]></system-out>
  </testcase>
  <testcase name="testValidate_withValidationErrors_shouldReturnAddView" classname="com.nnk.springboot.ControllerTest.BidListControllerTest" time="0.005">
    <system-out><![CDATA[2025-05-23T21:35:42.855+02:00  INFO 6733 --- [           main] c.n.s.controllers.BidListController      : Tentative d'ajout d'un nouveau BidList
2025-05-23T21:35:42.855+02:00  WARN 6733 --- [           main] c.n.s.controllers.BidListController      : Erreurs de validation : [Field error in object 'bidList' on field 'account': rejected value []; codes [NotBlank.bidList.account,NotBlank.account,NotBlank.java.lang.String,NotBlank]; arguments [org.springframework.context.support.DefaultMessageSourceResolvable: codes [bidList.account,account]; arguments []; default message [account]]; default message [must not be blank]]
]]></system-out>
  </testcase>
  <testcase name="testUpdateBid_withValidBid_shouldRedirectToList" classname="com.nnk.springboot.ControllerTest.BidListControllerTest" time="0.003">
    <system-out><![CDATA[2025-05-23T21:35:42.861+02:00  INFO 6733 --- [           main] c.n.s.controllers.BidListController      : Mise à jour du BidList ID 1
2025-05-23T21:35:42.861+02:00  INFO 6733 --- [           main] c.n.s.controllers.BidListController      : BidList ID 1 mis à jour avec succès
]]></system-out>
  </testcase>
</testsuite>